Arguments: 
  D:\DevTools\nodejs\node.exe C:\Users\Junior\AppData\Roaming\npm\node_modules\yarn\bin\yarn.js add eslint --dev

PATH: 
  C:\Program Files\PowerShell\7;C:\WINDOWS\system32;C:\WINDOWS;C:\WINDOWS\System32\Wbem;C:\WINDOWS\System32\WindowsPowerShell\v1.0\;C:\Program Files\dotnet\;D:\DevTools\TortoiseGit\bin;C:\Program Files\PowerShell\7\;C:\WINDOWS\System32\OpenSSH\;D:\DevTools\nodejs\;C:\Users\Junior\AppData\Local\Yarn\Data\global\node_modules\.bin;D:\DevTools\OpenSSL-Win64\bin;D:\wamp64\bin\php\php7.4.9;C:\ProgramData\ComposerSetup\bin;D:\DevTools\erl10.7\bin;D:\DevTools\Elixir\bin;C:\WINDOWS\system32\config\systemprofile\.mix\escripts;C:\ProgramData\chocolatey\bin;D:\DevTools\Git\cmd;C:\Users\Junior\.dotnet\tools;C:\Users\Junior\AppData\Local\Microsoft\WindowsApps;D:\DevTools\PhpStorm 2020.3.3\bin;D:\DevTools\Microsoft VS Code\bin;C:\Users\Junior\AppData\Roaming\npm;C:\Users\Junior\AppData\Roaming\Composer\vendor\bin

Yarn version: 
  1.22.10

Node version: 
  14.16.1

Platform: 
  win32 x64

Trace: 
  Error: 13624:error:1408F119:SSL routines:ssl3_get_record:decryption failed or bad record mac:c:\ws\deps\openssl\openssl\ssl\record\ssl3_record.c:677:

npm manifest: 
  {
    "name": "typescript-handbook",
    "version": "1.0.0",
    "description": "Repository for study of Typescript and my english",
    "main": "index.js",
    "scripts": {
      "test": "echo \"Error: no test specified\" && exit 1"
    },
    "repository": {
      "type": "git",
      "url": "git+https://github.com/juniormartinxo/typescript-handbook.git"
    },
    "keywords": [
      "typescript"
    ],
    "author": "Junior Martins <amjr.box@gmail.com>",
    "license": "ISC",
    "bugs": {
      "url": "https://github.com/juniormartinxo/typescript-handbook/issues"
    },
    "homepage": "https://github.com/juniormartinxo/typescript-handbook#readme",
    "dependencies": {
      "typescript": "^4.3.5"
    }
  }

yarn manifest: 
  No manifest

Lockfile: 
  # THIS IS AN AUTOGENERATED FILE. DO NOT EDIT THIS FILE DIRECTLY.
  # yarn lockfile v1
  
  
  typescript@^4.3.5:
    version "4.3.5"
    resolved "https://registry.yarnpkg.com/typescript/-/typescript-4.3.5.tgz#4d1c37cc16e893973c45a06886b7113234f119f4"
    integrity sha512-DqQgihaQ9cUrskJo9kIyW/+g0Vxsk8cDtZ52a3NGh0YNTfpUSArXSohyUGnvbPazEPLu398C0UxmKSOrPumUzA==
